<?xml version="1.0" encoding="UTF-8"?>
<!-- Generated by org.testng.reporters.JUnitReportReporter -->
<testsuite hostname="Kirti" failures="0" tests="1" name="org.google.TestGoogleSearch" time="0.483" errors="0" timestamp="2024-01-16T17:26:52 IST" skipped="0">
  <testcase classname="org.google.TestGoogleSearch" name="search" time="0.483"/>
</testsuite> <!-- org.google.TestGoogleSearch -->
