<?xml version="1.0" encoding="UTF-8"?>
<!-- Generated by org.testng.reporters.JUnitReportReporter -->
<testsuite hostname="Kirti" failures="0" tests="1" name="org.seleniumExample.SeleniumWebTable" time="65.576" errors="0" timestamp="2024-01-15T10:48:32 IST" skipped="0">
  <testcase classname="org.seleniumExample.SeleniumWebTable" name="testWebTables" time="65.576"/>
</testsuite> <!-- org.seleniumExample.SeleniumWebTable -->
